VisuaLock/app/build/intermediates/manifest_merge_blame_file/release/processReleaseMainManifest/manifest-merger-blame-release-report.txt
1<?xml version="1.0" encoding="utf-8"?>
2<manifest xmlns:android="http://schemas.android.com/apk/res/android"
3    package="com.example.visualock"
4    android:versionCode="1"
5    android:versionName="1.0" >
6
7    <uses-sdk
8        android:minSdkVersion="24"
9        android:targetSdkVersion="34" />
10
11    <uses-permission android:name="android.permission.INTERNET" />
11-->src/main/AndroidManifest.xml:5:5-67
11-->src/main/AndroidManifest.xml:5:22-64
12    <uses-permission android:name="android.permission.ACCESS_NETWORK_STATE" />
12-->[com.google.firebase:firebase-auth:20.0.0] AndroidManifest.xml:24:5-79
12-->[com.google.firebase:firebase-auth:20.0.0] AndroidManifest.xml:24:22-76
13
14    <permission
14-->[androidx.core:core:1.9.0] AndroidManifest.xml:22:5-24:47
15        android:name="com.example.visualock.DYNAMIC_RECEIVER_NOT_EXPORTED_PERMISSION"
15-->[androidx.core:core:1.9.0] AndroidManifest.xml:23:9-81
16        android:protectionLevel="signature" />
16-->[androidx.core:core:1.9.0] AndroidManifest.xml:24:9-44
17
18    <uses-permission android:name="com.example.visualock.DYNAMIC_RECEIVER_NOT_EXPORTED_PERMISSION" />
18-->[androidx.core:core:1.9.0] AndroidManifest.xml:26:5-97
18-->[androidx.core:core:1.9.0] AndroidManifest.xml:26:22-94
19
20    <application
20-->src/main/AndroidManifest.xml:7:5-67:19
21        android:allowBackup="true"
21-->src/main/AndroidManifest.xml:8:9-35
22        android:appComponentFactory="androidx.core.app.CoreComponentFactory"
22-->[androidx.core:core:1.9.0] AndroidManifest.xml:28:18-86
23        android:dataExtractionRules="@xml/data_extraction_rules"
23-->src/main/AndroidManifest.xml:9:9-65
24        android:extractNativeLibs="false"
25        android:fullBackupContent="@xml/backup_rules"
25-->src/main/AndroidManifest.xml:10:9-54
26        android:icon="@drawable/visualock_app_logo"
26-->src/main/AndroidManifest.xml:11:9-52
27        android:label="@string/app_name"
27-->src/main/AndroidManifest.xml:12:9-41
28        android:roundIcon="@drawable/visualock_app_logo"
28-->src/main/AndroidManifest.xml:13:9-57
29        android:supportsRtl="true"
29-->src/main/AndroidManifest.xml:14:9-35
30        android:theme="@style/Theme.VisuaLock" >
30-->src/main/AndroidManifest.xml:15:9-47
31        <activity
31-->src/main/AndroidManifest.xml:17:9-25:20
32            android:name="com.example.visualock.SplashActivity"
32-->src/main/AndroidManifest.xml:18:13-43
33            android:exported="true"
33-->src/main/AndroidManifest.xml:19:13-36
34            android:theme="@style/Theme.NoSplashScreen" >
34-->src/main/AndroidManifest.xml:20:13-56
35>
36            <intent-filter>
36-->src/main/AndroidManifest.xml:21:13-24:29
37                <action android:name="android.intent.action.MAIN" />
37-->src/main/AndroidManifest.xml:22:17-69
37-->src/main/AndroidManifest.xml:22:25-66
38
39                <category android:name="android.intent.category.LAUNCHER" />
39-->src/main/AndroidManifest.xml:23:17-77
39-->src/main/AndroidManifest.xml:23:27-74
40            </intent-filter>
41        </activity>
42        <activity
42-->src/main/AndroidManifest.xml:26:9-28:40
43            android:name="com.example.visualock.StorageActivity"
43-->src/main/AndroidManifest.xml:27:13-44
44            android:exported="false" />
44-->src/main/AndroidManifest.xml:28:13-37
45        <activity
45-->src/main/AndroidManifest.xml:29:9-31:40
46            android:name="com.example.visualock.AddImageActivity"
46-->src/main/AndroidManifest.xml:30:13-45
47            android:exported="false" />
47-->src/main/AndroidManifest.xml:31:13-37
48        <activity
48-->src/main/AndroidManifest.xml:32:9-35:59
49            android:name="com.example.visualock.AboutActivity"
49-->src/main/AndroidManifest.xml:33:13-42
50            android:exported="false"
50-->src/main/AndroidManifest.xml:34:13-37
51            android:theme="@style/AppTheme.NoActionBar" />
51-->src/main/AndroidManifest.xml:35:13-56
52        <activity
52-->src/main/AndroidManifest.xml:36:9-39:59
53            android:name="com.example.visualock.SettingActivity"
53-->src/main/AndroidManifest.xml:37:13-44
54            android:exported="false"
54-->src/main/AndroidManifest.xml:38:13-37
55            android:theme="@style/AppTheme.NoActionBar" />
55-->src/main/AndroidManifest.xml:39:13-56
56        <activity
56-->src/main/AndroidManifest.xml:40:9-43:59
57            android:name="com.example.visualock.ProfileActivity"
57-->src/main/AndroidManifest.xml:41:13-44
58            android:exported="false"
58-->src/main/AndroidManifest.xml:42:13-37
59            android:theme="@style/AppTheme.NoActionBar" />
59-->src/main/AndroidManifest.xml:43:13-56
60        <activity
60-->src/main/AndroidManifest.xml:44:9-47:59
61            android:name="com.example.visualock.ForgotPasswordActivity"
61-->src/main/AndroidManifest.xml:45:13-51
62            android:exported="false"
62-->src/main/AndroidManifest.xml:46:13-37
63            android:theme="@style/AppTheme.NoActionBar" />
63-->src/main/AndroidManifest.xml:47:13-56
64        <activity
64-->src/main/AndroidManifest.xml:48:9-51:59
65            android:name="com.example.visualock.RegisterActivity"
65-->src/main/AndroidManifest.xml:49:13-45
66            android:exported="false"
66-->src/main/AndroidManifest.xml:50:13-37
67            android:theme="@style/AppTheme.NoActionBar" />
67-->src/main/AndroidManifest.xml:51:13-56
68        <activity
68-->src/main/AndroidManifest.xml:52:9-55:59
69            android:name="com.example.visualock.LoginActivity"
69-->src/main/AndroidManifest.xml:53:13-42
70            android:exported="false"
70-->src/main/AndroidManifest.xml:54:13-37
71            android:theme="@style/AppTheme.NoActionBar" />
71-->src/main/AndroidManifest.xml:55:13-56
72        <activity
72-->src/main/AndroidManifest.xml:56:9-59:59
73            android:name="com.example.visualock.GraphPasswordActivity"
73-->src/main/AndroidManifest.xml:57:13-50
74            android:exported="false"
74-->src/main/AndroidManifest.xml:58:13-37
75            android:theme="@style/AppTheme.NoActionBar" />
75-->src/main/AndroidManifest.xml:59:13-56
76        <activity
76-->src/main/AndroidManifest.xml:60:9-63:58
77            android:name="com.example.visualock.GraphLoginActivity"
77-->src/main/AndroidManifest.xml:61:13-47
78            android:exported="true"
78-->src/main/AndroidManifest.xml:62:13-36
79            android:theme="@style/AppTheme.NoActionBar" />
79-->src/main/AndroidManifest.xml:63:13-56
80        <activity
80-->src/main/AndroidManifest.xml:64:9-66:38
81            android:name="com.example.visualock.MainActivity"
81-->src/main/AndroidManifest.xml:65:13-41
82            android:exported="true" />
82-->src/main/AndroidManifest.xml:66:13-36
83        <activity
83-->[com.google.android.gms:play-services-auth:20.2.0] AndroidManifest.xml:23:9-27:75
84            android:name="com.google.android.gms.auth.api.signin.internal.SignInHubActivity"
84-->[com.google.android.gms:play-services-auth:20.2.0] AndroidManifest.xml:24:13-93
85            android:excludeFromRecents="true"
85-->[com.google.android.gms:play-services-auth:20.2.0] AndroidManifest.xml:25:13-46
86            android:exported="false"
86-->[com.google.android.gms:play-services-auth:20.2.0] AndroidManifest.xml:26:13-37
87            android:theme="@android:style/Theme.Translucent.NoTitleBar" />
87-->[com.google.android.gms:play-services-auth:20.2.0] AndroidManifest.xml:27:13-72
88        <!--
89            Service handling Google Sign-In user revocation. For apps that do not integrate with
90            Google Sign-In, this service will never be started.
91        -->
92        <service
92-->[com.google.android.gms:play-services-auth:20.2.0] AndroidManifest.xml:33:9-37:51
93            android:name="com.google.android.gms.auth.api.signin.RevocationBoundService"
93-->[com.google.android.gms:play-services-auth:20.2.0] AndroidManifest.xml:34:13-89
94            android:exported="true"
94-->[com.google.android.gms:play-services-auth:20.2.0] AndroidManifest.xml:35:13-36
95            android:permission="com.google.android.gms.auth.api.signin.permission.REVOCATION_NOTIFICATION"
95-->[com.google.android.gms:play-services-auth:20.2.0] AndroidManifest.xml:36:13-107
96            android:visibleToInstantApps="true" />
96-->[com.google.android.gms:play-services-auth:20.2.0] AndroidManifest.xml:37:13-48
97
98        <activity
98-->[com.google.firebase:firebase-auth:20.0.0] AndroidManifest.xml:27:9-34:50
99            android:name="com.google.firebase.auth.internal.FederatedSignInActivity"
99-->[com.google.firebase:firebase-auth:20.0.0] AndroidManifest.xml:28:13-85
100            android:excludeFromRecents="true"
100-->[com.google.firebase:firebase-auth:20.0.0] AndroidManifest.xml:29:13-46
101            android:exported="true"
101-->[com.google.firebase:firebase-auth:20.0.0] AndroidManifest.xml:30:13-36
102            android:launchMode="singleTask"
102-->[com.google.firebase:firebase-auth:20.0.0] AndroidManifest.xml:31:13-44
103            android:permission="com.google.firebase.auth.api.gms.permission.LAUNCH_FEDERATED_SIGN_IN"
103-->[com.google.firebase:firebase-auth:20.0.0] AndroidManifest.xml:32:13-102
104            android:theme="@android:style/Theme.Translucent.NoTitleBar" />
104-->[com.google.firebase:firebase-auth:20.0.0] AndroidManifest.xml:33:13-72
105        <activity
105-->[com.google.firebase:firebase-auth:20.0.0] AndroidManifest.xml:35:9-52:20
106            android:name="com.google.firebase.auth.internal.GenericIdpActivity"
106-->[com.google.firebase:firebase-auth:20.0.0] AndroidManifest.xml:36:13-80
107            android:excludeFromRecents="true"
107-->[com.google.firebase:firebase-auth:20.0.0] AndroidManifest.xml:37:13-46
108            android:exported="true"
108-->[com.google.firebase:firebase-auth:20.0.0] AndroidManifest.xml:38:13-36
109            android:launchMode="singleTask"
109-->[com.google.firebase:firebase-auth:20.0.0] AndroidManifest.xml:39:13-44
110            android:theme="@android:style/Theme.Translucent.NoTitleBar" >
110-->[com.google.firebase:firebase-auth:20.0.0] AndroidManifest.xml:40:13-72
111            <intent-filter>
111-->[com.google.firebase:firebase-auth:20.0.0] AndroidManifest.xml:41:13-51:29
112                <action android:name="android.intent.action.VIEW" />
112-->[com.google.firebase:firebase-auth:20.0.0] AndroidManifest.xml:42:17-69
112-->[com.google.firebase:firebase-auth:20.0.0] AndroidManifest.xml:42:25-66
113
114                <category android:name="android.intent.category.DEFAULT" />
114-->[com.google.firebase:firebase-auth:20.0.0] AndroidManifest.xml:44:17-76
114-->[com.google.firebase:firebase-auth:20.0.0] AndroidManifest.xml:44:27-73
115                <category android:name="android.intent.category.BROWSABLE" />
115-->[com.google.firebase:firebase-auth:20.0.0] AndroidManifest.xml:45:17-78
115-->[com.google.firebase:firebase-auth:20.0.0] AndroidManifest.xml:45:27-75
116
117                <data
117-->[com.google.firebase:firebase-auth:20.0.0] AndroidManifest.xml:47:17-50:51
118                    android:host="firebase.auth"
118-->[com.google.firebase:firebase-auth:20.0.0] AndroidManifest.xml:48:21-49
119                    android:path="/"
119-->[com.google.firebase:firebase-auth:20.0.0] AndroidManifest.xml:49:21-37
120                    android:scheme="genericidp" />
120-->[com.google.firebase:firebase-auth:20.0.0] AndroidManifest.xml:50:21-48
121            </intent-filter>
122        </activity>
123        <activity
123-->[com.google.firebase:firebase-auth:20.0.0] AndroidManifest.xml:53:9-70:20
124            android:name="com.google.firebase.auth.internal.RecaptchaActivity"
124-->[com.google.firebase:firebase-auth:20.0.0] AndroidManifest.xml:54:13-79
125            android:excludeFromRecents="true"
125-->[com.google.firebase:firebase-auth:20.0.0] AndroidManifest.xml:55:13-46
126            android:exported="true"
126-->[com.google.firebase:firebase-auth:20.0.0] AndroidManifest.xml:56:13-36
127            android:launchMode="singleTask"
127-->[com.google.firebase:firebase-auth:20.0.0] AndroidManifest.xml:57:13-44
128            android:theme="@android:style/Theme.Translucent.NoTitleBar" >
128-->[com.google.firebase:firebase-auth:20.0.0] AndroidManifest.xml:58:13-72
129            <intent-filter>
129-->[com.google.firebase:firebase-auth:20.0.0] AndroidManifest.xml:59:13-69:29
130                <action android:name="android.intent.action.VIEW" />
130-->[com.google.firebase:firebase-auth:20.0.0] AndroidManifest.xml:42:17-69
130-->[com.google.firebase:firebase-auth:20.0.0] AndroidManifest.xml:42:25-66
131
132                <category android:name="android.intent.category.DEFAULT" />
132-->[com.google.firebase:firebase-auth:20.0.0] AndroidManifest.xml:44:17-76
132-->[com.google.firebase:firebase-auth:20.0.0] AndroidManifest.xml:44:27-73
133                <category android:name="android.intent.category.BROWSABLE" />
133-->[com.google.firebase:firebase-auth:20.0.0] AndroidManifest.xml:45:17-78
133-->[com.google.firebase:firebase-auth:20.0.0] AndroidManifest.xml:45:27-75
134
135                <data
135-->[com.google.firebase:firebase-auth:20.0.0] AndroidManifest.xml:47:17-50:51
136                    android:host="firebase.auth"
136-->[com.google.firebase:firebase-auth:20.0.0] AndroidManifest.xml:48:21-49
137                    android:path="/"
137-->[com.google.firebase:firebase-auth:20.0.0] AndroidManifest.xml:49:21-37
138                    android:scheme="recaptcha" />
138-->[com.google.firebase:firebase-auth:20.0.0] AndroidManifest.xml:50:21-48
139            </intent-filter>
140        </activity>
141
142        <service
142-->[com.google.firebase:firebase-auth:20.0.0] AndroidManifest.xml:72:9-81:19
143            android:name="com.google.firebase.auth.api.fallback.service.FirebaseAuthFallbackService"
143-->[com.google.firebase:firebase-auth:20.0.0] AndroidManifest.xml:73:13-101
144            android:enabled="true"
144-->[com.google.firebase:firebase-auth:20.0.0] AndroidManifest.xml:74:13-35
145            android:exported="false" >
145-->[com.google.firebase:firebase-auth:20.0.0] AndroidManifest.xml:75:13-37
146            <intent-filter>
146-->[com.google.firebase:firebase-auth:20.0.0] AndroidManifest.xml:76:13-80:29
147                <action android:name="com.google.firebase.auth.api.gms.service.START" />
147-->[com.google.firebase:firebase-auth:20.0.0] AndroidManifest.xml:77:17-89
147-->[com.google.firebase:firebase-auth:20.0.0] AndroidManifest.xml:77:25-86
148
149                <category android:name="android.intent.category.DEFAULT" />
149-->[com.google.firebase:firebase-auth:20.0.0] AndroidManifest.xml:44:17-76
149-->[com.google.firebase:firebase-auth:20.0.0] AndroidManifest.xml:44:27-73
150            </intent-filter>
151        </service>
152        <service
152-->[com.google.firebase:firebase-auth:20.0.0] AndroidManifest.xml:82:9-88:19
153            android:name="com.google.firebase.components.ComponentDiscoveryService"
153-->[com.google.firebase:firebase-auth:20.0.0] AndroidManifest.xml:83:13-84
154            android:directBootAware="true"
154-->[com.google.firebase:firebase-common:20.4.2] AndroidManifest.xml:32:13-43
155            android:exported="false" >
155-->[com.google.firebase:firebase-auth:20.0.0] AndroidManifest.xml:84:13-37
156            <meta-data
156-->[com.google.firebase:firebase-auth:20.0.0] AndroidManifest.xml:85:13-87:85
157                android:name="com.google.firebase.components:com.google.firebase.auth.FirebaseAuthRegistrar"
157-->[com.google.firebase:firebase-auth:20.0.0] AndroidManifest.xml:86:17-109
158                android:value="com.google.firebase.components.ComponentRegistrar" />
158-->[com.google.firebase:firebase-auth:20.0.0] AndroidManifest.xml:87:17-82
159            <meta-data
159-->[com.google.firebase:firebase-firestore:24.10.3] AndroidManifest.xml:17:13-19:85
160                android:name="com.google.firebase.components:com.google.firebase.firestore.FirebaseFirestoreKtxRegistrar"
160-->[com.google.firebase:firebase-firestore:24.10.3] AndroidManifest.xml:18:17-122
161                android:value="com.google.firebase.components.ComponentRegistrar" />
161-->[com.google.firebase:firebase-firestore:24.10.3] AndroidManifest.xml:19:17-82
162            <meta-data
162-->[com.google.firebase:firebase-firestore:24.10.3] AndroidManifest.xml:20:13-22:85
163                android:name="com.google.firebase.components:com.google.firebase.firestore.FirestoreRegistrar"
163-->[com.google.firebase:firebase-firestore:24.10.3] AndroidManifest.xml:21:17-111
164                android:value="com.google.firebase.components.ComponentRegistrar" />
164-->[com.google.firebase:firebase-firestore:24.10.3] AndroidManifest.xml:22:17-82
165            <meta-data
165-->[com.google.firebase:firebase-storage:19.1.1] AndroidManifest.xml:33:13-35:85
166                android:name="com.google.firebase.components:com.google.firebase.storage.StorageRegistrar"
166-->[com.google.firebase:firebase-storage:19.1.1] AndroidManifest.xml:34:17-107
167                android:value="com.google.firebase.components.ComponentRegistrar" />
167-->[com.google.firebase:firebase-storage:19.1.1] AndroidManifest.xml:35:17-82
168            <meta-data
168-->[com.google.firebase:firebase-common-ktx:20.4.2] AndroidManifest.xml:12:13-14:85
169                android:name="com.google.firebase.components:com.google.firebase.ktx.FirebaseCommonLegacyRegistrar"
169-->[com.google.firebase:firebase-common-ktx:20.4.2] AndroidManifest.xml:13:17-116
170                android:value="com.google.firebase.components.ComponentRegistrar" />
170-->[com.google.firebase:firebase-common-ktx:20.4.2] AndroidManifest.xml:14:17-82
171            <meta-data
171-->[com.google.firebase:firebase-common:20.4.2] AndroidManifest.xml:35:13-37:85
172                android:name="com.google.firebase.components:com.google.firebase.FirebaseCommonKtxRegistrar"
172-->[com.google.firebase:firebase-common:20.4.2] AndroidManifest.xml:36:17-109
173                android:value="com.google.firebase.components.ComponentRegistrar" />
173-->[com.google.firebase:firebase-common:20.4.2] AndroidManifest.xml:37:17-82
174        </service>
175
176        <activity
176-->[com.google.android.gms:play-services-base:18.0.1] AndroidManifest.xml:20:9-22:45
177            android:name="com.google.android.gms.common.api.GoogleApiActivity"
177-->[com.google.android.gms:play-services-base:18.0.1] AndroidManifest.xml:20:19-85
178            android:exported="false"
178-->[com.google.android.gms:play-services-base:18.0.1] AndroidManifest.xml:22:19-43
179            android:theme="@android:style/Theme.Translucent.NoTitleBar" />
179-->[com.google.android.gms:play-services-base:18.0.1] AndroidManifest.xml:21:19-78
180
181        <provider
181-->[com.google.firebase:firebase-common:20.4.2] AndroidManifest.xml:23:9-28:39
182            android:name="com.google.firebase.provider.FirebaseInitProvider"
182-->[com.google.firebase:firebase-common:20.4.2] AndroidManifest.xml:24:13-77
183            android:authorities="com.example.visualock.firebaseinitprovider"
183-->[com.google.firebase:firebase-common:20.4.2] AndroidManifest.xml:25:13-72
184            android:directBootAware="true"
184-->[com.google.firebase:firebase-common:20.4.2] AndroidManifest.xml:26:13-43
185            android:exported="false"
185-->[com.google.firebase:firebase-common:20.4.2] AndroidManifest.xml:27:13-37
186            android:initOrder="100" />
186-->[com.google.firebase:firebase-common:20.4.2] AndroidManifest.xml:28:13-36
187        <provider
187-->[androidx.emoji2:emoji2:1.2.0] AndroidManifest.xml:24:9-32:20
188            android:name="androidx.startup.InitializationProvider"
188-->[androidx.emoji2:emoji2:1.2.0] AndroidManifest.xml:25:13-67
189            android:authorities="com.example.visualock.androidx-startup"
189-->[androidx.emoji2:emoji2:1.2.0] AndroidManifest.xml:26:13-68
190            android:exported="false" >
190-->[androidx.emoji2:emoji2:1.2.0] AndroidManifest.xml:27:13-37
191            <meta-data
191-->[androidx.emoji2:emoji2:1.2.0] AndroidManifest.xml:29:13-31:52
192                android:name="androidx.emoji2.text.EmojiCompatInitializer"
192-->[androidx.emoji2:emoji2:1.2.0] AndroidManifest.xml:30:17-75
193                android:value="androidx.startup" />
193-->[androidx.emoji2:emoji2:1.2.0] AndroidManifest.xml:31:17-49
194            <meta-data
194-->[androidx.lifecycle:lifecycle-process:2.7.0] AndroidManifest.xml:29:13-31:52
195                android:name="androidx.lifecycle.ProcessLifecycleInitializer"
195-->[androidx.lifecycle:lifecycle-process:2.7.0] AndroidManifest.xml:30:17-78
196                android:value="androidx.startup" />
196-->[androidx.lifecycle:lifecycle-process:2.7.0] AndroidManifest.xml:31:17-49
197            <meta-data
197-->[androidx.profileinstaller:profileinstaller:1.3.0] AndroidManifest.xml:29:13-31:52
198                android:name="androidx.profileinstaller.ProfileInstallerInitializer"
198-->[androidx.profileinstaller:profileinstaller:1.3.0] AndroidManifest.xml:30:17-85
199                android:value="androidx.startup" />
199-->[androidx.profileinstaller:profileinstaller:1.3.0] AndroidManifest.xml:31:17-49
200        </provider>
201
202        <uses-library
202-->[androidx.window:window:1.0.0] AndroidManifest.xml:25:9-27:40
203            android:name="androidx.window.extensions"
203-->[androidx.window:window:1.0.0] AndroidManifest.xml:26:13-54
204            android:required="false" />
204-->[androidx.window:window:1.0.0] AndroidManifest.xml:27:13-37
205        <uses-library
205-->[androidx.window:window:1.0.0] AndroidManifest.xml:28:9-30:40
206            android:name="androidx.window.sidecar"
206-->[androidx.window:window:1.0.0] AndroidManifest.xml:29:13-51
207            android:required="false" />
207-->[androidx.window:window:1.0.0] AndroidManifest.xml:30:13-37
208
209        <meta-data
209-->[com.google.android.gms:play-services-basement:18.1.0] AndroidManifest.xml:21:9-23:69
210            android:name="com.google.android.gms.version"
210-->[com.google.android.gms:play-services-basement:18.1.0] AndroidManifest.xml:22:13-58
211            android:value="@integer/google_play_services_version" />
211-->[com.google.android.gms:play-services-basement:18.1.0] AndroidManifest.xml:23:13-66
212
213        <provider
213-->[com.squareup.picasso:picasso:2.71828] AndroidManifest.xml:8:9-11:40
214            android:name="com.squareup.picasso.PicassoProvider"
214-->[com.squareup.picasso:picasso:2.71828] AndroidManifest.xml:9:13-64
215            android:authorities="com.example.visualock.com.squareup.picasso"
215-->[com.squareup.picasso:picasso:2.71828] AndroidManifest.xml:10:13-72
216            android:exported="false" />
216-->[com.squareup.picasso:picasso:2.71828] AndroidManifest.xml:11:13-37
217
218        <receiver
218-->[androidx.profileinstaller:profileinstaller:1.3.0] AndroidManifest.xml:34:9-52:20
219            android:name="androidx.profileinstaller.ProfileInstallReceiver"
219-->[androidx.profileinstaller:profileinstaller:1.3.0] AndroidManifest.xml:35:13-76
220            android:directBootAware="false"
220-->[androidx.profileinstaller:profileinstaller:1.3.0] AndroidManifest.xml:36:13-44
221            android:enabled="true"
221-->[androidx.profileinstaller:profileinstaller:1.3.0] AndroidManifest.xml:37:13-35
222            android:exported="true"
222-->[androidx.profileinstaller:profileinstaller:1.3.0] AndroidManifest.xml:38:13-36
223            android:permission="android.permission.DUMP" >
223-->[androidx.profileinstaller:profileinstaller:1.3.0] AndroidManifest.xml:39:13-57
224            <intent-filter>
224-->[androidx.profileinstaller:profileinstaller:1.3.0] AndroidManifest.xml:40:13-42:29
225                <action android:name="androidx.profileinstaller.action.INSTALL_PROFILE" />
225-->[androidx.profileinstaller:profileinstaller:1.3.0] AndroidManifest.xml:41:17-91
225-->[androidx.profileinstaller:profileinstaller:1.3.0] AndroidManifest.xml:41:25-88
226            </intent-filter>
227            <intent-filter>
227-->[androidx.profileinstaller:profileinstaller:1.3.0] AndroidManifest.xml:43:13-45:29
228                <action android:name="androidx.profileinstaller.action.SKIP_FILE" />
228-->[androidx.profileinstaller:profileinstaller:1.3.0] AndroidManifest.xml:44:17-85
228-->[androidx.profileinstaller:profileinstaller:1.3.0] AndroidManifest.xml:44:25-82
229            </intent-filter>
230            <intent-filter>
230-->[androidx.profileinstaller:profileinstaller:1.3.0] AndroidManifest.xml:46:13-48:29
231                <action android:name="androidx.profileinstaller.action.SAVE_PROFILE" />
231-->[androidx.profileinstaller:profileinstaller:1.3.0] AndroidManifest.xml:47:17-88
231-->[androidx.profileinstaller:profileinstaller:1.3.0] AndroidManifest.xml:47:25-85
232            </intent-filter>
233            <intent-filter>
233-->[androidx.profileinstaller:profileinstaller:1.3.0] AndroidManifest.xml:49:13-51:29
234                <action android:name="androidx.profileinstaller.action.BENCHMARK_OPERATION" />
234-->[androidx.profileinstaller:profileinstaller:1.3.0] AndroidManifest.xml:50:17-95
234-->[androidx.profileinstaller:profileinstaller:1.3.0] AndroidManifest.xml:50:25-92
235            </intent-filter>
236        </receiver>
237    </application>
238
239</manifest>